{"level":"error","message":"Falha ao criar log","stack":[null],"timestamp":"2023-11-02T20:48:44.595Z"}
{"level":"error","message":"Falha ao criar log","stack":[null],"timestamp":"2023-11-02T20:48:47.624Z"}
{"level":"error","message":"Falha ao criar log","stack":[{"table":"main.access"}],"timestamp":"2023-11-02T20:49:07.615Z"}
{"level":"error","message":"Falha ao criar log","stack":[{"table":"main.access"}],"timestamp":"2023-11-02T20:49:09.203Z"}
{"level":"error","message":"Falha ao criar log","stack":[{"table":"main.access"}],"timestamp":"2023-11-02T20:49:10.293Z"}
{"level":"error","message":"Falha ao criar log","stack":[null],"timestamp":"2023-12-11T21:22:13.538Z"}
{"level":"error","message":"Falha ao criar log","stack":[null],"timestamp":"2023-12-11T21:22:17.119Z"}
{"level":"error","message":"Falha ao criar log","stack":[null],"timestamp":"2023-12-11T21:22:50.249Z"}
{"context":"ExceptionsHandler","level":"error","message":"request entity too large","stack":["PayloadTooLargeError: request entity too large\n    at readStream (C:\\Users\\LAICA 1\\dev\\Access-control-microservices-monorepo\\audit\\node_modules\\raw-body\\index.js:163:17)\n    at getRawBody (C:\\Users\\LAICA 1\\dev\\Access-control-microservices-monorepo\\audit\\node_modules\\raw-body\\index.js:116:12)\n    at read (C:\\Users\\LAICA 1\\dev\\Access-control-microservices-monorepo\\audit\\node_modules\\body-parser\\lib\\read.js:79:3)\n    at jsonParser (C:\\Users\\LAICA 1\\dev\\Access-control-microservices-monorepo\\audit\\node_modules\\body-parser\\lib\\types\\json.js:138:5)\n    at Layer.handle [as handle_request] (C:\\Users\\LAICA 1\\dev\\Access-control-microservices-monorepo\\audit\\node_modules\\express\\lib\\router\\layer.js:95:5)\n    at trim_prefix (C:\\Users\\LAICA 1\\dev\\Access-control-microservices-monorepo\\audit\\node_modules\\express\\lib\\router\\index.js:328:13)\n    at C:\\Users\\LAICA 1\\dev\\Access-control-microservices-monorepo\\audit\\node_modules\\express\\lib\\router\\index.js:286:9\n    at Function.process_params (C:\\Users\\LAICA 1\\dev\\Access-control-microservices-monorepo\\audit\\node_modules\\express\\lib\\router\\index.js:346:12)\n    at next (C:\\Users\\LAICA 1\\dev\\Access-control-microservices-monorepo\\audit\\node_modules\\express\\lib\\router\\index.js:280:10)\n    at cors (C:\\Users\\LAICA 1\\dev\\Access-control-microservices-monorepo\\audit\\node_modules\\cors\\lib\\index.js:188:7)"],"timestamp":"2023-12-19T15:52:37.961Z"}
{"level":"error","message":"Falha ao criar log","stack":[{"table":"main.log"}],"timestamp":"2024-03-12T00:03:15.777Z"}
{"level":"error","message":"Falha ao criar log","stack":[{"table":"main.log"}],"timestamp":"2024-03-12T00:05:07.826Z"}
{"level":"error","message":"Falha ao criar log","stack":[{"table":"main.log"}],"timestamp":"2024-03-12T00:06:28.462Z"}
{"level":"error","message":"Falha ao criar log","stack":[{"table":"main.log"}],"timestamp":"2024-03-12T00:07:08.413Z"}
{"level":"error","message":"Falha ao criar log","stack":[{"table":"main.log"}],"timestamp":"2024-03-12T00:11:13.064Z"}
{"level":"error","message":"Falha ao criar log","stack":[{"table":"main.log"}],"timestamp":"2024-03-12T00:11:55.120Z"}
{"level":"error","message":"Falha ao criar log","stack":[{"table":"main.log"}],"timestamp":"2024-03-12T00:11:55.187Z"}
{"level":"error","message":"Falha ao criar log","stack":[{"table":"main.log"}],"timestamp":"2024-03-12T00:16:58.039Z"}
{"level":"error","message":"Falha ao criar log","stack":[{"table":"main.log"}],"timestamp":"2024-03-12T00:16:58.136Z"}
{"level":"error","message":"Falha ao criar log","stack":[{"table":"main.log"}],"timestamp":"2024-03-12T00:17:53.279Z"}
{"level":"error","message":"Falha ao criar log","stack":[{"table":"main.log"}],"timestamp":"2024-03-12T00:17:53.411Z"}
{"level":"error","message":"Falha ao criar log","stack":[{"table":"main.log"}],"timestamp":"2024-03-12T00:31:55.336Z"}
{"level":"error","message":"Falha ao criar log","stack":[{"table":"main.log"}],"timestamp":"2024-03-12T00:35:33.815Z"}
{"level":"error","message":"Falha ao criar log","stack":[{"table":"main.log"}],"timestamp":"2024-03-14T20:01:03.797Z"}
{"level":"error","message":"Falha ao criar log","stack":[{"table":"main.log"}],"timestamp":"2024-03-14T20:01:26.389Z"}
{"level":"error","message":"Falha ao criar log","stack":[{"table":"main.log"}],"timestamp":"2024-03-14T20:13:03.868Z"}
{"level":"error","message":"Falha ao criar log","stack":[{"table":"main.log"}],"timestamp":"2024-03-14T20:14:00.761Z"}
{"level":"error","message":"Falha ao criar log","stack":[{"table":"main.log"}],"timestamp":"2024-04-14T18:58:28.805Z"}
{"level":"error","message":"Falha ao criar log","stack":[{"table":"main.log"}],"timestamp":"2024-04-14T19:28:54.228Z"}
{"level":"error","message":"Falha ao criar log","stack":[{"table":"main.log"}],"timestamp":"2024-04-14T21:09:17.089Z"}
{"level":"error","message":"Falha ao criar log","stack":[{"table":"main.log"}],"timestamp":"2024-04-14T21:12:02.427Z"}
{"level":"error","message":"Falha ao criar log","stack":[{"table":"main.log"}],"timestamp":"2024-04-14T21:26:05.019Z"}
{"level":"error","message":"Falha ao criar log","stack":[{"table":"main.log"}],"timestamp":"2024-04-14T21:27:23.988Z"}
{"level":"error","message":"Falha ao criar log","stack":[{"table":"main.log"}],"timestamp":"2024-04-14T21:27:54.133Z"}
{"level":"error","message":"Falha ao criar log","stack":[{"table":"main.log"}],"timestamp":"2024-04-14T21:29:22.755Z"}
{"level":"error","message":"Falha ao criar log","stack":[{"table":"main.log"}],"timestamp":"2024-04-14T22:02:02.782Z"}
{"level":"error","message":"Falha ao criar log","stack":[{"table":"main.log"}],"timestamp":"2024-04-14T22:04:00.924Z"}
{"level":"error","message":"Falha ao criar log","stack":[{"table":"main.access"}],"timestamp":"2024-04-15T22:15:07.172Z"}
{"level":"error","message":"Falha ao criar log","stack":[{"table":"main.log"}],"timestamp":"2024-04-15T22:15:07.197Z"}
{"level":"error","message":"Falha ao criar log","stack":[{"table":"main.access"}],"timestamp":"2024-04-15T22:15:07.827Z"}
{"level":"error","message":"Falha ao criar log","stack":[{"table":"main.access"}],"timestamp":"2024-04-15T22:15:12.876Z"}
{"level":"error","message":"Falha ao criar log","stack":[{"table":"main.access"}],"timestamp":"2024-04-15T22:15:17.837Z"}
{"level":"error","message":"Falha ao criar log","stack":[{"table":"main.access"}],"timestamp":"2024-04-15T22:15:23.088Z"}
{"level":"error","message":"Falha ao criar log","stack":[{"table":"main.access"}],"timestamp":"2024-04-15T22:15:28.176Z"}
{"level":"error","message":"Falha ao criar log","stack":[{"table":"main.access"}],"timestamp":"2024-04-15T22:15:33.182Z"}
{"level":"error","message":"Falha ao criar log","stack":[{"table":"main.access"}],"timestamp":"2024-04-15T22:15:38.176Z"}
{"level":"error","message":"Falha ao criar log","stack":[{"table":"main.access"}],"timestamp":"2024-04-15T22:15:43.174Z"}
{"level":"error","message":"Falha ao criar log","stack":[{"table":"main.access"}],"timestamp":"2024-04-15T22:15:48.172Z"}
{"level":"error","message":"Falha ao criar log","stack":[{"table":"main.access"}],"timestamp":"2024-04-15T22:15:53.189Z"}
{"level":"error","message":"Falha ao criar log","stack":[{"table":"main.log"}],"timestamp":"2024-04-15T22:43:45.301Z"}
{"level":"error","message":"Falha ao criar log","stack":[{"table":"main.log"}],"timestamp":"2024-04-15T22:43:45.352Z"}
{"level":"error","message":"Falha ao criar log","stack":[{"table":"main.log"}],"timestamp":"2024-04-15T22:44:32.643Z"}
{"level":"error","message":"Falha ao criar log","stack":[{"table":"main.access"}],"timestamp":"2024-04-15T22:44:32.747Z"}
{"level":"error","message":"Falha ao criar log","stack":[{"table":"main.access"}],"timestamp":"2024-04-15T22:44:37.791Z"}
{"level":"error","message":"Falha ao criar log","stack":[{"table":"main.access"}],"timestamp":"2024-04-15T22:44:42.830Z"}
{"level":"error","message":"Falha ao criar log","stack":[{"table":"main.access"}],"timestamp":"2024-04-15T22:44:47.766Z"}
{"level":"error","message":"Falha ao criar log","stack":[{"table":"main.access"}],"timestamp":"2024-04-15T22:44:52.859Z"}
{"level":"error","message":"Falha ao criar log","stack":[{"table":"main.access"}],"timestamp":"2024-04-15T22:44:57.806Z"}
{"level":"error","message":"Falha ao criar log","stack":[{"table":"main.access"}],"timestamp":"2024-04-15T22:45:02.768Z"}
{"level":"error","message":"Falha ao criar log","stack":[{"table":"main.access"}],"timestamp":"2024-04-15T22:45:07.803Z"}
{"level":"error","message":"Falha ao criar log","stack":[{"table":"main.access"}],"timestamp":"2024-04-15T22:45:12.815Z"}
{"level":"error","message":"Falha ao criar log","stack":[{"table":"main.access"}],"timestamp":"2024-04-15T22:45:17.757Z"}
{"level":"error","message":"Falha ao criar log","stack":[{"table":"main.access"}],"timestamp":"2024-04-15T22:45:22.795Z"}
{"level":"error","message":"Falha ao criar log","stack":[{"table":"main.access"}],"timestamp":"2024-04-15T22:45:27.789Z"}
{"level":"error","message":"Falha ao criar log","stack":[{"table":"main.access"}],"timestamp":"2024-04-15T22:45:32.760Z"}
{"level":"error","message":"Falha ao criar log","stack":[{"table":"main.access"}],"timestamp":"2024-04-15T22:45:37.791Z"}
{"level":"error","message":"Falha ao criar log","stack":[{"table":"main.access"}],"timestamp":"2024-04-15T22:45:42.807Z"}
{"level":"error","message":"Falha ao criar log","stack":[{"table":"main.access"}],"timestamp":"2024-04-15T22:45:47.805Z"}
{"level":"error","message":"Falha ao criar log","stack":[{"table":"main.access"}],"timestamp":"2024-04-15T22:45:52.805Z"}
{"level":"error","message":"Falha ao criar log","stack":[{"table":"main.access"}],"timestamp":"2024-04-15T22:45:57.813Z"}
{"level":"error","message":"Falha ao criar log","stack":[{"table":"main.access"}],"timestamp":"2024-04-15T22:46:02.791Z"}
{"level":"error","message":"Falha ao criar log","stack":[{"table":"main.access"}],"timestamp":"2024-04-15T22:46:07.807Z"}
{"level":"error","message":"Falha ao criar log","stack":[{"table":"main.access"}],"timestamp":"2024-04-15T22:46:12.796Z"}
{"level":"error","message":"Falha ao criar log","stack":[{"table":"main.access"}],"timestamp":"2024-04-15T22:46:17.777Z"}
{"level":"error","message":"Falha ao criar log","stack":[{"table":"main.access"}],"timestamp":"2024-04-15T22:46:22.817Z"}
{"level":"error","message":"Falha ao criar log","stack":[{"table":"main.access"}],"timestamp":"2024-04-15T22:46:27.808Z"}
{"level":"error","message":"Falha ao criar log","stack":[{"table":"main.access"}],"timestamp":"2024-04-15T22:46:32.817Z"}
{"level":"error","message":"Falha ao criar log","stack":[{"table":"main.access"}],"timestamp":"2024-04-15T22:46:37.750Z"}
{"level":"error","message":"Falha ao criar log","stack":[{"table":"main.access"}],"timestamp":"2024-04-15T22:46:40.622Z"}
{"level":"error","message":"Falha ao criar log","stack":[{"table":"main.access"}],"timestamp":"2024-04-15T22:46:45.737Z"}
{"level":"error","message":"Falha ao criar log","stack":[{"table":"main.access"}],"timestamp":"2024-04-15T22:46:50.674Z"}
{"level":"error","message":"Falha ao criar log","stack":[{"table":"main.access"}],"timestamp":"2024-04-15T22:46:55.633Z"}
{"level":"error","message":"Falha ao criar log","stack":[{"table":"main.access"}],"timestamp":"2024-04-15T22:46:58.257Z"}
{"level":"error","message":"Falha ao criar log","stack":[{"table":"main.access"}],"timestamp":"2024-04-15T22:47:03.326Z"}
{"level":"error","message":"Falha ao criar log","stack":[{"table":"main.access"}],"timestamp":"2024-04-15T22:47:08.334Z"}
{"level":"error","message":"Falha ao criar log","stack":[{"table":"main.access"}],"timestamp":"2024-04-15T22:47:13.336Z"}
{"level":"error","message":"Falha ao criar log","stack":[{"table":"main.access"}],"timestamp":"2024-04-15T22:47:18.255Z"}
{"level":"error","message":"Falha ao criar log","stack":[{"table":"main.access"}],"timestamp":"2024-04-15T22:47:23.255Z"}
{"level":"error","message":"Falha ao criar log","stack":[{"table":"main.access"}],"timestamp":"2024-04-15T22:47:28.313Z"}
{"level":"error","message":"Falha ao criar log","stack":[{"table":"main.access"}],"timestamp":"2024-04-15T22:47:33.306Z"}
{"level":"error","message":"Falha ao criar log","stack":[{"table":"main.access"}],"timestamp":"2024-04-15T22:47:38.362Z"}
{"level":"error","message":"Falha ao criar log","stack":[{"table":"main.access"}],"timestamp":"2024-04-15T22:47:43.328Z"}
{"level":"error","message":"Falha ao criar log","stack":[{"table":"main.access"}],"timestamp":"2024-04-15T22:47:48.345Z"}
{"level":"error","message":"Falha ao criar log","stack":[{"table":"main.access"}],"timestamp":"2024-04-15T22:47:53.263Z"}
{"level":"error","message":"Falha ao criar log","stack":[{"table":"main.access"}],"timestamp":"2024-04-15T22:47:58.263Z"}
{"level":"error","message":"Falha ao criar log","stack":[{"table":"main.access"}],"timestamp":"2024-04-15T22:48:03.309Z"}
{"level":"error","message":"Falha ao criar log","stack":[{"table":"main.access"}],"timestamp":"2024-04-15T22:48:08.297Z"}
{"level":"error","message":"Falha ao criar log","stack":[{"table":"main.access"}],"timestamp":"2024-04-15T22:48:13.540Z"}
{"level":"error","message":"Falha ao criar log","stack":[{"table":"main.access"}],"timestamp":"2024-04-15T22:48:18.416Z"}
{"level":"error","message":"Falha ao criar log","stack":[{"table":"main.access"}],"timestamp":"2024-04-15T22:48:23.448Z"}
{"level":"error","message":"Falha ao criar log","stack":[{"table":"main.log"}],"timestamp":"2024-04-15T23:05:21.967Z"}
{"level":"error","message":"Falha ao criar log","stack":[{"table":"main.log"}],"timestamp":"2024-04-15T23:05:34.324Z"}
{"level":"error","message":"Falha ao criar log","stack":[{"table":"main.log"}],"timestamp":"2024-04-15T23:06:56.165Z"}
{"level":"error","message":"Falha ao criar log","stack":[{"table":"main.access"}],"timestamp":"2024-04-15T23:06:56.325Z"}
{"level":"error","message":"Falha ao criar log","stack":[{"table":"main.access"}],"timestamp":"2024-04-15T23:07:01.308Z"}
{"level":"error","message":"Falha ao criar log","stack":[{"table":"main.access"}],"timestamp":"2024-04-15T23:07:06.636Z"}
{"level":"error","message":"Falha ao criar log","stack":[{"table":"main.access"}],"timestamp":"2024-04-15T23:07:11.327Z"}
{"level":"error","message":"Falha ao criar log","stack":[{"table":"main.access"}],"timestamp":"2024-04-15T23:07:16.445Z"}
{"level":"error","message":"Falha ao criar log","stack":[{"table":"main.access"}],"timestamp":"2024-04-15T23:07:21.427Z"}
{"level":"error","message":"Falha ao criar log","stack":[{"table":"main.access"}],"timestamp":"2024-04-15T23:07:26.453Z"}
{"level":"error","message":"Falha ao criar log","stack":[{"table":"main.access"}],"timestamp":"2024-04-15T23:07:31.677Z"}
{"level":"error","message":"Falha ao criar log","stack":[{"table":"main.access"}],"timestamp":"2024-04-15T23:07:36.653Z"}
{"level":"error","message":"Falha ao criar log","stack":[{"table":"main.access"}],"timestamp":"2024-04-15T23:17:52.018Z"}
{"level":"error","message":"Falha ao criar log","stack":[{"table":"main.access"}],"timestamp":"2024-04-15T23:17:56.877Z"}
{"level":"error","message":"Falha ao criar log","stack":[{"table":"main.access"}],"timestamp":"2024-04-15T23:18:01.992Z"}
{"level":"error","message":"Falha ao criar log","stack":[{"table":"main.access"}],"timestamp":"2024-04-15T23:18:06.920Z"}
{"level":"error","message":"Falha ao criar log","stack":[{"table":"main.access"}],"timestamp":"2024-04-15T23:18:12.810Z"}
{"level":"error","message":"Falha ao criar log","stack":[{"table":"main.access"}],"timestamp":"2024-04-15T23:18:17.846Z"}
{"level":"error","message":"Falha ao criar log","stack":[{"table":"main.access"}],"timestamp":"2024-04-15T23:18:22.853Z"}
{"level":"error","message":"Falha ao criar log","stack":[{"table":"main.access"}],"timestamp":"2024-04-15T23:18:27.840Z"}
{"level":"error","message":"Falha ao criar log","stack":[{"table":"main.access"}],"timestamp":"2024-04-15T23:18:32.852Z"}
{"level":"error","message":"Falha ao criar log","stack":[{"table":"main.access"}],"timestamp":"2024-04-15T23:18:37.803Z"}
{"level":"error","message":"Falha ao criar log","stack":[{"table":"main.access"}],"timestamp":"2024-04-15T23:18:42.847Z"}
{"level":"error","message":"Falha ao criar log","stack":[{"table":"main.access"}],"timestamp":"2024-04-15T23:18:47.854Z"}
{"level":"error","message":"Falha ao criar log","stack":[{"table":"main.access"}],"timestamp":"2024-04-15T23:18:52.847Z"}
{"level":"error","message":"Falha ao criar log","stack":[{"table":"main.access"}],"timestamp":"2024-04-15T23:18:57.944Z"}
{"level":"error","message":"Falha ao criar log","stack":[{"table":"main.access"}],"timestamp":"2024-04-15T23:19:02.942Z"}
{"level":"error","message":"Falha ao criar log","stack":[{"table":"main.access"}],"timestamp":"2024-04-15T23:19:08.262Z"}
{"level":"error","message":"Falha ao criar log","stack":[{"table":"main.access"}],"timestamp":"2024-04-15T23:19:13.313Z"}
{"level":"error","message":"Falha ao criar log","stack":[{"table":"main.access"}],"timestamp":"2024-04-15T23:19:18.293Z"}
{"level":"error","message":"Falha ao criar log","stack":[{"table":"main.access"}],"timestamp":"2024-04-15T23:19:23.254Z"}
{"level":"error","message":"Falha ao criar log","stack":[{"table":"main.access"}],"timestamp":"2024-04-15T23:19:28.870Z"}
{"level":"error","message":"Falha ao criar log","stack":[{"table":"main.access"}],"timestamp":"2024-04-15T23:19:33.809Z"}
{"level":"error","message":"Falha ao criar log","stack":[{"table":"main.access"}],"timestamp":"2024-04-15T23:19:38.878Z"}
{"level":"error","message":"Falha ao criar log","stack":[{"table":"main.access"}],"timestamp":"2024-04-15T23:19:43.873Z"}
{"level":"error","message":"Falha ao criar log","stack":[{"table":"main.access"}],"timestamp":"2024-04-15T23:19:48.869Z"}
{"level":"error","message":"Falha ao criar log","stack":[{"table":"main.access"}],"timestamp":"2024-04-15T23:19:53.821Z"}
{"level":"error","message":"Falha ao criar log","stack":[{"table":"main.access"}],"timestamp":"2024-04-15T23:19:58.885Z"}
{"level":"error","message":"Falha ao criar log","stack":[{"table":"main.access"}],"timestamp":"2024-04-15T23:20:04.477Z"}
{"level":"error","message":"Falha ao criar log","stack":[{"table":"main.access"}],"timestamp":"2024-04-15T23:20:08.948Z"}
{"level":"error","message":"Falha ao criar log","stack":[{"table":"main.access"}],"timestamp":"2024-04-15T23:20:09.397Z"}
{"level":"error","message":"Falha ao criar log","stack":[{"table":"main.access"}],"timestamp":"2024-04-15T23:20:13.947Z"}
{"level":"error","message":"Falha ao criar log","stack":[{"table":"main.access"}],"timestamp":"2024-04-15T23:20:14.403Z"}
{"level":"error","message":"Falha ao criar log","stack":[{"table":"main.access"}],"timestamp":"2024-04-15T23:20:18.944Z"}
{"level":"error","message":"Falha ao criar log","stack":[{"table":"main.access"}],"timestamp":"2024-04-15T23:20:19.956Z"}
{"level":"error","message":"Falha ao criar log","stack":[{"table":"main.access"}],"timestamp":"2024-04-15T23:20:24.034Z"}
{"level":"error","message":"Falha ao criar log","stack":[{"table":"main.access"}],"timestamp":"2024-04-15T23:20:25.916Z"}
{"level":"error","message":"Falha ao criar log","stack":[{"table":"main.access"}],"timestamp":"2024-04-15T23:20:28.948Z"}
{"level":"error","message":"Falha ao criar log","stack":[{"table":"main.access"}],"timestamp":"2024-04-15T23:20:30.956Z"}
{"level":"error","message":"Falha ao criar log","stack":[{"table":"main.access"}],"timestamp":"2024-04-15T23:20:33.941Z"}
{"level":"error","message":"Falha ao criar log","stack":[{"table":"main.access"}],"timestamp":"2024-04-15T23:20:35.982Z"}
{"level":"error","message":"Falha ao criar log","stack":[{"table":"main.access"}],"timestamp":"2024-04-15T23:20:38.946Z"}
{"level":"error","message":"Falha ao criar log","stack":[{"table":"main.access"}],"timestamp":"2024-04-15T23:20:40.992Z"}
{"level":"error","message":"Falha ao criar log","stack":[{"table":"main.access"}],"timestamp":"2024-04-15T23:20:43.947Z"}
{"level":"error","message":"Falha ao criar log","stack":[{"table":"main.access"}],"timestamp":"2024-04-15T23:20:46.004Z"}
{"level":"error","message":"Falha ao criar log","stack":[{"table":"main.access"}],"timestamp":"2024-04-15T23:20:48.943Z"}
{"level":"error","message":"Falha ao criar log","stack":[{"table":"main.access"}],"timestamp":"2024-04-15T23:20:50.981Z"}
{"level":"error","message":"Falha ao criar log","stack":[{"table":"main.access"}],"timestamp":"2024-04-15T23:20:53.943Z"}
{"level":"error","message":"Falha ao criar log","stack":[{"table":"main.access"}],"timestamp":"2024-04-15T23:20:56.033Z"}
{"level":"error","message":"Falha ao criar log","stack":[{"table":"main.access"}],"timestamp":"2024-04-15T23:20:58.960Z"}
{"level":"error","message":"Falha ao criar log","stack":[{"table":"main.access"}],"timestamp":"2024-04-15T23:21:00.966Z"}
{"level":"error","message":"Falha ao criar log","stack":[{"table":"main.access"}],"timestamp":"2024-04-15T23:21:04.030Z"}
{"level":"error","message":"Falha ao criar log","stack":[{"table":"main.access"}],"timestamp":"2024-04-15T23:21:05.973Z"}
{"level":"error","message":"Falha ao criar log","stack":[{"table":"main.access"}],"timestamp":"2024-04-15T23:21:08.958Z"}
{"level":"error","message":"Falha ao criar log","stack":[{"table":"main.access"}],"timestamp":"2024-04-15T23:21:10.981Z"}
{"level":"error","message":"Falha ao criar log","stack":[{"table":"main.access"}],"timestamp":"2024-04-15T23:21:13.947Z"}
{"level":"error","message":"Falha ao criar log","stack":[{"table":"main.access"}],"timestamp":"2024-04-15T23:21:15.956Z"}
{"level":"error","message":"Falha ao criar log","stack":[{"table":"main.access"}],"timestamp":"2024-04-15T23:21:18.952Z"}
{"level":"error","message":"Falha ao criar log","stack":[{"table":"main.access"}],"timestamp":"2024-04-15T23:21:21.040Z"}
{"level":"error","message":"Falha ao criar log","stack":[{"table":"main.access"}],"timestamp":"2024-04-15T23:21:23.948Z"}
{"level":"error","message":"Falha ao criar log","stack":[{"table":"main.access"}],"timestamp":"2024-04-15T23:21:26.018Z"}
{"level":"error","message":"Falha ao criar log","stack":[{"table":"main.access"}],"timestamp":"2024-04-15T23:21:28.953Z"}
{"level":"error","message":"Falha ao criar log","stack":[{"table":"main.access"}],"timestamp":"2024-04-15T23:21:30.947Z"}
{"level":"error","message":"Falha ao criar log","stack":[{"table":"main.access"}],"timestamp":"2024-04-15T23:21:33.955Z"}
{"level":"error","message":"Falha ao criar log","stack":[{"table":"main.access"}],"timestamp":"2024-04-15T23:21:36.020Z"}
{"level":"error","message":"Falha ao criar log","stack":[{"table":"main.access"}],"timestamp":"2024-04-15T23:21:38.941Z"}
{"level":"error","message":"Falha ao criar log","stack":[{"table":"main.access"}],"timestamp":"2024-04-15T23:21:40.978Z"}
{"level":"error","message":"Falha ao criar log","stack":[{"table":"main.access"}],"timestamp":"2024-04-15T23:21:43.949Z"}
{"level":"error","message":"Falha ao criar log","stack":[{"table":"main.access"}],"timestamp":"2024-04-15T23:21:46.016Z"}
{"level":"error","message":"Falha ao criar log","stack":[{"table":"main.access"}],"timestamp":"2024-04-15T23:21:48.947Z"}
{"level":"error","message":"Falha ao criar log","stack":[{"table":"main.access"}],"timestamp":"2024-04-15T23:21:52.959Z"}
{"level":"error","message":"Falha ao criar log","stack":[{"table":"main.access"}],"timestamp":"2024-04-15T23:21:57.965Z"}
{"level":"error","message":"Falha ao criar log","stack":[{"table":"main.access"}],"timestamp":"2024-04-15T23:22:02.967Z"}
{"level":"error","message":"Falha ao criar log","stack":[{"table":"main.access"}],"timestamp":"2024-04-15T23:22:07.961Z"}
{"level":"error","message":"Falha ao criar log","stack":[{"table":"main.access"}],"timestamp":"2024-04-15T23:22:13.008Z"}
{"level":"error","message":"Falha ao criar log","stack":[{"table":"main.access"}],"timestamp":"2024-04-15T23:22:18.003Z"}
{"level":"error","message":"Falha ao criar log","stack":[{"table":"main.access"}],"timestamp":"2024-04-15T23:22:23.007Z"}
{"level":"error","message":"Falha ao criar log","stack":[{"table":"main.access"}],"timestamp":"2024-04-15T23:22:28.000Z"}
{"level":"error","message":"Falha ao criar log","stack":[{"table":"main.access"}],"timestamp":"2024-04-15T23:22:33.019Z"}
{"level":"error","message":"Falha ao criar log","stack":[{"table":"main.access"}],"timestamp":"2024-04-15T23:22:38.004Z"}
{"level":"error","message":"Falha ao criar log","stack":[{"table":"main.access"}],"timestamp":"2024-04-15T23:22:43.004Z"}
{"level":"error","message":"Falha ao criar log","stack":[{"table":"main.access"}],"timestamp":"2024-04-15T23:22:47.999Z"}
{"level":"error","message":"Falha ao criar log","stack":[{"table":"main.access"}],"timestamp":"2024-04-15T23:22:53.063Z"}
{"level":"error","message":"Falha ao criar log","stack":[{"table":"main.access"}],"timestamp":"2024-04-15T23:22:58.101Z"}
{"level":"error","message":"Falha ao criar log","stack":[{"table":"main.access"}],"timestamp":"2024-04-15T23:23:03.043Z"}
{"level":"error","message":"Falha ao criar log","stack":[{"table":"main.access"}],"timestamp":"2024-04-15T23:23:08.046Z"}
{"level":"error","message":"Falha ao criar log","stack":[{"table":"main.access"}],"timestamp":"2024-04-15T23:23:13.113Z"}
{"level":"error","message":"Falha ao criar log","stack":[{"table":"main.access"}],"timestamp":"2024-04-15T23:23:18.055Z"}
{"level":"error","message":"Falha ao criar log","stack":[{"table":"main.access"}],"timestamp":"2024-04-15T23:23:23.051Z"}
{"level":"error","message":"Falha ao criar log","stack":[{"table":"main.access"}],"timestamp":"2024-04-15T23:23:28.085Z"}
{"level":"error","message":"Falha ao criar log","stack":[{"table":"main.access"}],"timestamp":"2024-04-15T23:23:33.174Z"}
{"level":"error","message":"Falha ao criar log","stack":[{"table":"main.access"}],"timestamp":"2024-04-15T23:23:38.142Z"}
{"level":"error","message":"Falha ao criar log","stack":[{"table":"main.access"}],"timestamp":"2024-04-15T23:23:43.155Z"}
{"level":"error","message":"Falha ao criar log","stack":[{"table":"main.access"}],"timestamp":"2024-04-15T23:23:48.175Z"}
{"level":"error","message":"Falha ao criar log","stack":[{"table":"main.access"}],"timestamp":"2024-04-15T23:23:53.134Z"}
{"level":"error","message":"Falha ao criar log","stack":[{"table":"main.access"}],"timestamp":"2024-04-15T23:23:58.167Z"}
{"level":"error","message":"Falha ao criar log","stack":[{"table":"main.access"}],"timestamp":"2024-04-15T23:24:03.088Z"}
{"level":"error","message":"Falha ao criar log","stack":[{"table":"main.access"}],"timestamp":"2024-04-15T23:24:08.111Z"}
{"level":"error","message":"Falha ao criar log","stack":[{"table":"main.access"}],"timestamp":"2024-04-15T23:24:13.184Z"}
{"level":"error","message":"Falha ao criar log","stack":[{"table":"main.access"}],"timestamp":"2024-04-15T23:24:18.090Z"}
{"level":"error","message":"Falha ao criar log","stack":[{"table":"main.access"}],"timestamp":"2024-04-15T23:24:23.168Z"}
{"level":"error","message":"Falha ao criar log","stack":[{"table":"main.access"}],"timestamp":"2024-04-15T23:24:28.266Z"}
{"level":"error","message":"Falha ao criar log","stack":[{"table":"main.access"}],"timestamp":"2024-04-15T23:24:33.156Z"}
{"level":"error","message":"Falha ao criar log","stack":[{"table":"main.access"}],"timestamp":"2024-04-15T23:24:38.138Z"}
{"level":"error","message":"Falha ao criar log","stack":[{"table":"main.access"}],"timestamp":"2024-04-15T23:24:43.237Z"}
{"level":"error","message":"Falha ao criar log","stack":[{"table":"main.access"}],"timestamp":"2024-04-15T23:24:48.179Z"}
{"level":"error","message":"Falha ao criar log","stack":[{"table":"main.access"}],"timestamp":"2024-04-15T23:24:51.228Z"}
{"level":"error","message":"Falha ao criar log","stack":[{"table":"main.access"}],"timestamp":"2024-04-15T23:24:56.252Z"}
{"level":"error","message":"Falha ao criar log","stack":[{"table":"main.access"}],"timestamp":"2024-04-15T23:25:01.308Z"}
{"level":"error","message":"Falha ao criar log","stack":[{"table":"main.access"}],"timestamp":"2024-04-15T23:25:06.228Z"}
{"level":"error","message":"Falha ao criar log","stack":[{"table":"main.access"}],"timestamp":"2024-04-15T23:25:11.199Z"}
{"level":"error","message":"Falha ao criar log","stack":[{"table":"main.access"}],"timestamp":"2024-04-15T23:25:16.414Z"}
{"level":"error","message":"Falha ao criar log","stack":[{"table":"main.access"}],"timestamp":"2024-04-15T23:25:21.364Z"}
{"level":"error","message":"Falha ao criar log","stack":[{"table":"main.access"}],"timestamp":"2024-04-15T23:25:26.354Z"}
{"level":"error","message":"Falha ao criar log","stack":[{"table":"main.access"}],"timestamp":"2024-04-15T23:25:31.381Z"}
{"level":"error","message":"Falha ao criar log","stack":[{"table":"main.access"}],"timestamp":"2024-04-15T23:25:36.351Z"}
{"level":"error","message":"Falha ao criar log","stack":[{"table":"main.access"}],"timestamp":"2024-04-15T23:25:41.317Z"}
{"level":"error","message":"Falha ao criar log","stack":[{"table":"main.access"}],"timestamp":"2024-04-15T23:25:46.414Z"}
{"level":"error","message":"Falha ao criar log","stack":[{"table":"main.access"}],"timestamp":"2024-04-15T23:25:51.389Z"}
{"level":"error","message":"Falha ao criar log","stack":[{"table":"main.access"}],"timestamp":"2024-04-15T23:25:56.365Z"}
{"level":"error","message":"Falha ao criar log","stack":[{"table":"main.access"}],"timestamp":"2024-04-15T23:26:01.433Z"}
{"level":"error","message":"Falha ao criar log","stack":[{"table":"main.access"}],"timestamp":"2024-04-15T23:26:06.426Z"}
{"level":"error","message":"Falha ao criar log","stack":[{"table":"main.access"}],"timestamp":"2024-04-15T23:26:11.365Z"}
{"level":"error","message":"Falha ao criar log","stack":[{"table":"main.access"}],"timestamp":"2024-04-15T23:26:16.486Z"}
{"level":"error","message":"Falha ao criar log","stack":[{"table":"main.access"}],"timestamp":"2024-04-15T23:26:21.438Z"}
{"level":"error","message":"Falha ao criar log","stack":[{"table":"main.access"}],"timestamp":"2024-04-15T23:26:26.450Z"}
{"level":"error","message":"Falha ao criar log","stack":[{"table":"main.access"}],"timestamp":"2024-04-15T23:26:31.448Z"}
{"level":"error","message":"Falha ao criar log","stack":[{"table":"main.access"}],"timestamp":"2024-04-15T23:26:36.473Z"}
{"level":"error","message":"Falha ao criar log","stack":[{"table":"main.access"}],"timestamp":"2024-04-15T23:26:41.451Z"}
{"level":"error","message":"Falha ao criar log","stack":[{"table":"main.access"}],"timestamp":"2024-04-15T23:26:47.027Z"}
{"level":"error","message":"Falha ao criar log","stack":[{"table":"main.access"}],"timestamp":"2024-04-15T23:26:52.080Z"}
{"level":"error","message":"Falha ao criar log","stack":[{"table":"main.access"}],"timestamp":"2024-04-15T23:26:57.098Z"}
{"level":"error","message":"Falha ao criar log","stack":[{"table":"main.access"}],"timestamp":"2024-04-15T23:27:02.708Z"}
{"level":"error","message":"Falha ao criar log","stack":[{"table":"main.access"}],"timestamp":"2024-04-15T23:27:07.665Z"}
{"level":"error","message":"Falha ao criar log","stack":[{"table":"main.access"}],"timestamp":"2024-04-15T23:27:12.640Z"}
{"level":"error","message":"Falha ao criar log","stack":[{"table":"main.access"}],"timestamp":"2024-04-15T23:27:17.639Z"}
{"level":"error","message":"Falha ao criar log","stack":[{"table":"main.access"}],"timestamp":"2024-04-15T23:27:22.672Z"}
{"level":"error","message":"Falha ao criar log","stack":[{"table":"main.access"}],"timestamp":"2024-04-15T23:27:27.715Z"}
{"level":"error","message":"Falha ao criar log","stack":[{"table":"main.access"}],"timestamp":"2024-04-15T23:27:32.317Z"}
{"level":"error","message":"Falha ao criar log","stack":[{"table":"main.access"}],"timestamp":"2024-04-15T23:27:37.351Z"}
{"level":"error","message":"Falha ao criar log","stack":[{"table":"main.access"}],"timestamp":"2024-04-15T23:27:42.397Z"}
{"level":"error","message":"Falha ao criar log","stack":[{"table":"main.access"}],"timestamp":"2024-04-15T23:27:47.285Z"}
{"level":"error","message":"Falha ao criar log","stack":[{"table":"main.access"}],"timestamp":"2024-04-15T23:27:52.320Z"}
{"level":"error","message":"Falha ao criar log","stack":[{"table":"main.access"}],"timestamp":"2024-04-15T23:27:57.579Z"}
{"level":"error","message":"Falha ao criar log","stack":[{"table":"main.access"}],"timestamp":"2024-04-15T23:28:02.556Z"}
{"level":"error","message":"Falha ao criar log","stack":[{"table":"main.access"}],"timestamp":"2024-04-15T23:28:07.577Z"}
{"level":"error","message":"Falha ao criar log","stack":[{"table":"main.access"}],"timestamp":"2024-04-15T23:28:12.548Z"}
{"level":"error","message":"Falha ao criar log","stack":[{"table":"main.access"}],"timestamp":"2024-04-15T23:28:17.565Z"}
{"level":"error","message":"Falha ao criar log","stack":[{"table":"main.access"}],"timestamp":"2024-04-15T23:28:22.588Z"}
{"level":"error","message":"Falha ao criar log","stack":[{"table":"main.access"}],"timestamp":"2024-04-15T23:28:27.652Z"}
{"level":"error","message":"Falha ao criar log","stack":[{"table":"main.access"}],"timestamp":"2024-04-15T23:28:32.586Z"}
{"level":"error","message":"Falha ao criar log","stack":[{"table":"main.access"}],"timestamp":"2024-04-15T23:28:37.656Z"}
{"level":"error","message":"Falha ao criar log","stack":[{"table":"main.access"}],"timestamp":"2024-04-15T23:28:42.586Z"}
{"level":"error","message":"Falha ao criar log","stack":[{"table":"main.access"}],"timestamp":"2024-04-15T23:28:47.658Z"}
{"level":"error","message":"Falha ao criar log","stack":[{"table":"main.access"}],"timestamp":"2024-04-15T23:28:52.640Z"}
{"level":"error","message":"Falha ao criar log","stack":[{"table":"main.access"}],"timestamp":"2024-04-15T23:28:57.641Z"}
{"level":"error","message":"Falha ao criar log","stack":[{"table":"main.access"}],"timestamp":"2024-04-15T23:29:02.721Z"}
{"level":"error","message":"Falha ao criar log","stack":[{"table":"main.access"}],"timestamp":"2024-04-15T23:29:07.666Z"}
{"level":"error","message":"Falha ao criar log","stack":[{"table":"main.access"}],"timestamp":"2024-04-15T23:29:12.651Z"}
{"level":"error","message":"Falha ao criar log","stack":[{"table":"main.access"}],"timestamp":"2024-04-15T23:29:17.646Z"}
{"level":"error","message":"Falha ao criar log","stack":[{"table":"main.access"}],"timestamp":"2024-04-15T23:29:21.001Z"}
{"level":"error","message":"Falha ao criar log","stack":[{"table":"main.access"}],"timestamp":"2024-04-15T23:29:25.928Z"}
{"level":"error","message":"Falha ao criar log","stack":[{"table":"main.access"}],"timestamp":"2024-04-15T23:29:28.474Z"}
{"level":"error","message":"Falha ao criar log","stack":[{"table":"main.access"}],"timestamp":"2024-04-15T23:29:33.480Z"}
{"level":"error","message":"Falha ao criar log","stack":[{"table":"main.access"}],"timestamp":"2024-04-15T23:29:38.524Z"}
{"level":"error","message":"Falha ao criar log","stack":[{"table":"main.access"}],"timestamp":"2024-04-15T23:29:44.068Z"}
{"level":"error","message":"Falha ao criar log","stack":[{"table":"main.access"}],"timestamp":"2024-04-15T23:29:49.057Z"}
{"level":"error","message":"Falha ao criar log","stack":[{"table":"main.access"}],"timestamp":"2024-04-15T23:29:54.070Z"}
{"level":"error","message":"Falha ao criar log","stack":[{"table":"main.access"}],"timestamp":"2024-04-15T23:29:59.902Z"}
{"level":"error","message":"Falha ao criar log","stack":[{"table":"main.access"}],"timestamp":"2024-04-15T23:30:04.769Z"}
{"level":"error","message":"Falha ao criar log","stack":[{"table":"main.access"}],"timestamp":"2024-04-15T23:30:09.830Z"}
{"level":"error","message":"Falha ao criar log","stack":[{"table":"main.access"}],"timestamp":"2024-04-15T23:30:14.775Z"}
{"level":"error","message":"Falha ao criar log","stack":[{"table":"main.access"}],"timestamp":"2024-04-15T23:30:19.707Z"}
{"level":"error","message":"Falha ao criar log","stack":[{"table":"main.access"}],"timestamp":"2024-04-15T23:30:24.776Z"}
{"level":"error","message":"Falha ao criar log","stack":[{"table":"main.access"}],"timestamp":"2024-04-15T23:30:29.696Z"}
{"level":"error","message":"Falha ao criar log","stack":[{"table":"main.access"}],"timestamp":"2024-04-15T23:30:34.731Z"}
{"level":"error","message":"Falha ao criar log","stack":[{"table":"main.access"}],"timestamp":"2024-04-15T23:30:40.494Z"}
{"level":"error","message":"Falha ao criar log","stack":[{"table":"main.access"}],"timestamp":"2024-04-15T23:30:45.112Z"}
{"level":"error","message":"Falha ao criar log","stack":[{"table":"main.access"}],"timestamp":"2024-04-15T23:30:50.469Z"}
{"level":"error","message":"Falha ao criar log","stack":[{"table":"main.access"}],"timestamp":"2024-04-15T23:30:55.857Z"}
{"level":"error","message":"Falha ao criar log","stack":[{"table":"main.access"}],"timestamp":"2024-04-15T23:31:00.847Z"}
{"level":"error","message":"Falha ao criar log","stack":[{"table":"main.access"}],"timestamp":"2024-04-15T23:31:05.885Z"}
{"level":"error","message":"Falha ao criar log","stack":[{"table":"main.access"}],"timestamp":"2024-04-15T23:31:10.811Z"}
{"level":"error","message":"Falha ao criar log","stack":[{"table":"main.access"}],"timestamp":"2024-04-15T23:31:15.985Z"}
{"level":"error","message":"Falha ao criar log","stack":[{"table":"main.access"}],"timestamp":"2024-04-15T23:31:20.851Z"}
{"level":"error","message":"Falha ao criar log","stack":[{"table":"main.access"}],"timestamp":"2024-04-15T23:31:25.974Z"}
{"level":"error","message":"Falha ao criar log","stack":[{"table":"main.access"}],"timestamp":"2024-04-15T23:31:30.813Z"}
{"level":"error","message":"Falha ao criar log","stack":[{"table":"main.access"}],"timestamp":"2024-04-15T23:31:35.883Z"}
{"level":"error","message":"Falha ao criar log","stack":[{"table":"main.access"}],"timestamp":"2024-04-15T23:31:40.864Z"}
{"level":"error","message":"Falha ao criar log","stack":[{"table":"main.access"}],"timestamp":"2024-04-15T23:31:46.004Z"}
{"level":"error","message":"Falha ao criar log","stack":[{"table":"main.access"}],"timestamp":"2024-04-15T23:31:50.857Z"}
{"level":"error","message":"Falha ao criar log","stack":[{"table":"main.access"}],"timestamp":"2024-04-15T23:31:55.847Z"}
{"level":"error","message":"Falha ao criar log","stack":[{"table":"main.access"}],"timestamp":"2024-04-15T23:32:00.883Z"}
{"level":"error","message":"Falha ao criar log","stack":[{"table":"main.access"}],"timestamp":"2024-04-15T23:32:05.932Z"}
{"level":"error","message":"Falha ao criar log","stack":[{"table":"main.access"}],"timestamp":"2024-04-15T23:32:10.962Z"}
{"level":"error","message":"Falha ao criar log","stack":[{"table":"main.access"}],"timestamp":"2024-04-15T23:32:16.130Z"}
{"level":"error","message":"Falha ao criar log","stack":[{"table":"main.access"}],"timestamp":"2024-04-15T23:32:21.114Z"}
{"level":"error","message":"Falha ao criar log","stack":[{"table":"main.access"}],"timestamp":"2024-04-15T23:32:26.205Z"}
{"level":"error","message":"Falha ao criar log","stack":[{"table":"main.access"}],"timestamp":"2024-04-15T23:32:31.404Z"}
{"level":"error","message":"Falha ao criar log","stack":[{"table":"main.access"}],"timestamp":"2024-04-15T23:32:36.375Z"}
{"level":"error","message":"Falha ao criar log","stack":[{"table":"main.access"}],"timestamp":"2024-04-15T23:32:41.505Z"}
{"level":"error","message":"Falha ao criar log","stack":[{"table":"main.access"}],"timestamp":"2024-04-15T23:32:47.084Z"}
{"level":"error","message":"Falha ao criar log","stack":[{"table":"main.access"}],"timestamp":"2024-04-15T23:32:51.957Z"}
{"level":"error","message":"Falha ao criar log","stack":[{"table":"main.access"}],"timestamp":"2024-04-15T23:32:57.122Z"}
{"level":"error","message":"Falha ao criar log","stack":[{"table":"main.access"}],"timestamp":"2024-04-15T23:33:01.946Z"}
{"level":"error","message":"Falha ao criar log","stack":[{"table":"main.access"}],"timestamp":"2024-04-15T23:33:07.078Z"}
{"level":"error","message":"Falha ao criar log","stack":[{"table":"main.access"}],"timestamp":"2024-04-15T23:34:18.069Z"}
{"level":"error","message":"Falha ao criar log","stack":[{"table":"main.access"}],"timestamp":"2024-04-15T23:34:22.975Z"}
{"level":"error","message":"Falha ao criar log","stack":[{"table":"main.access"}],"timestamp":"2024-04-15T23:34:28.050Z"}
{"level":"error","message":"Falha ao criar log","stack":[{"table":"main.access"}],"timestamp":"2024-04-15T23:34:33.249Z"}
{"level":"error","message":"Falha ao criar log","stack":[{"table":"main.access"}],"timestamp":"2024-04-15T23:34:38.140Z"}
{"level":"error","message":"Falha ao criar log","stack":[{"table":"main.access"}],"timestamp":"2024-04-15T23:34:43.090Z"}
{"level":"error","message":"Falha ao criar log","stack":[{"table":"main.access"}],"timestamp":"2024-04-15T23:34:45.154Z"}
{"level":"error","message":"Falha ao criar log","stack":[{"table":"main.log"}],"timestamp":"2024-04-15T23:34:45.205Z"}
{"level":"error","message":"Falha ao criar log","stack":[{"table":"main.access"}],"timestamp":"2024-04-15T23:34:48.042Z"}
{"level":"error","message":"Falha ao criar log","stack":[{"table":"main.access"}],"timestamp":"2024-04-15T23:34:53.337Z"}
{"level":"error","message":"Falha ao criar log","stack":[{"table":"main.access"}],"timestamp":"2024-04-15T23:34:53.342Z"}
{"level":"error","message":"Falha ao criar log","stack":[{"table":"main.access"}],"timestamp":"2024-04-15T23:34:58.070Z"}
{"level":"error","message":"Falha ao criar log","stack":[{"table":"main.access"}],"timestamp":"2024-04-15T23:34:59.232Z"}
{"level":"error","message":"Falha ao criar log","stack":[{"table":"main.access"}],"timestamp":"2024-04-15T23:35:03.095Z"}
{"level":"error","message":"Falha ao criar log","stack":[{"table":"main.access"}],"timestamp":"2024-04-15T23:35:04.025Z"}
{"level":"error","message":"Falha ao criar log","stack":[{"table":"main.access"}],"timestamp":"2024-04-15T23:35:08.142Z"}
{"level":"error","message":"Falha ao criar log","stack":[{"table":"main.access"}],"timestamp":"2024-04-15T23:35:09.123Z"}
{"level":"error","message":"Falha ao criar log","stack":[{"table":"main.access"}],"timestamp":"2024-04-15T23:35:13.123Z"}
{"level":"error","message":"Falha ao criar log","stack":[{"table":"main.access"}],"timestamp":"2024-04-15T23:35:14.241Z"}
{"level":"error","message":"Falha ao criar log","stack":[{"table":"main.access"}],"timestamp":"2024-04-15T23:35:18.255Z"}
{"level":"error","message":"Falha ao criar log","stack":[{"table":"main.access"}],"timestamp":"2024-04-15T23:35:19.029Z"}
{"level":"error","message":"Falha ao criar log","stack":[{"table":"main.access"}],"timestamp":"2024-04-15T23:35:23.256Z"}
{"level":"error","message":"Falha ao criar log","stack":[{"table":"main.access"}],"timestamp":"2024-04-15T23:35:24.076Z"}
{"level":"error","message":"Falha ao criar log","stack":[{"table":"main.access"}],"timestamp":"2024-04-15T23:35:28.205Z"}
{"level":"error","message":"Falha ao criar log","stack":[{"table":"main.access"}],"timestamp":"2024-04-15T23:35:29.097Z"}
{"level":"error","message":"Falha ao criar log","stack":[{"table":"main.access"}],"timestamp":"2024-04-15T23:35:33.286Z"}
{"level":"error","message":"Falha ao criar log","stack":[{"table":"main.access"}],"timestamp":"2024-04-15T23:35:34.278Z"}
{"level":"error","message":"Falha ao criar log","stack":[{"table":"main.access"}],"timestamp":"2024-04-15T23:35:38.052Z"}
{"level":"error","message":"Falha ao criar log","stack":[{"table":"main.access"}],"timestamp":"2024-04-15T23:35:39.100Z"}
{"level":"error","message":"Falha ao criar log","stack":[{"table":"main.access"}],"timestamp":"2024-04-15T23:35:43.036Z"}
{"level":"error","message":"Falha ao criar log","stack":[{"table":"main.access"}],"timestamp":"2024-04-15T23:35:44.265Z"}
{"level":"error","message":"Falha ao criar log","stack":[{"table":"main.access"}],"timestamp":"2024-04-15T23:35:48.172Z"}
{"level":"error","message":"Falha ao criar log","stack":[{"table":"main.access"}],"timestamp":"2024-04-15T23:35:49.093Z"}
{"level":"error","message":"Falha ao criar log","stack":[{"table":"main.access"}],"timestamp":"2024-04-15T23:35:53.079Z"}
{"level":"error","message":"Falha ao criar log","stack":[{"table":"main.access"}],"timestamp":"2024-04-15T23:35:54.127Z"}
{"level":"error","message":"Falha ao criar log","stack":[{"table":"main.access"}],"timestamp":"2024-04-15T23:35:58.047Z"}
{"level":"error","message":"Falha ao criar log","stack":[{"table":"main.access"}],"timestamp":"2024-04-15T23:35:59.058Z"}
{"level":"error","message":"Falha ao criar log","stack":[{"table":"main.access"}],"timestamp":"2024-04-15T23:36:03.131Z"}
{"level":"error","message":"Falha ao criar log","stack":[{"table":"main.access"}],"timestamp":"2024-04-15T23:36:04.055Z"}
{"level":"error","message":"Falha ao criar log","stack":[{"table":"main.access"}],"timestamp":"2024-04-15T23:36:08.076Z"}
{"level":"error","message":"Falha ao criar log","stack":[{"table":"main.access"}],"timestamp":"2024-04-15T23:36:09.074Z"}
{"level":"error","message":"Falha ao criar log","stack":[{"table":"main.access"}],"timestamp":"2024-04-15T23:36:13.165Z"}
{"level":"error","message":"Falha ao criar log","stack":[{"table":"main.access"}],"timestamp":"2024-04-15T23:36:14.178Z"}
{"level":"error","message":"Falha ao criar log","stack":[{"table":"main.access"}],"timestamp":"2024-04-15T23:36:18.100Z"}
{"level":"error","message":"Falha ao criar log","stack":[{"table":"main.access"}],"timestamp":"2024-04-15T23:36:19.087Z"}
{"level":"error","message":"Falha ao criar log","stack":[{"table":"main.access"}],"timestamp":"2024-04-15T23:36:23.166Z"}
{"level":"error","message":"Falha ao criar log","stack":[{"table":"main.access"}],"timestamp":"2024-04-15T23:36:24.062Z"}
{"level":"error","message":"Falha ao criar log","stack":[{"table":"main.access"}],"timestamp":"2024-04-15T23:36:28.098Z"}
{"level":"error","message":"Falha ao criar log","stack":[{"table":"main.access"}],"timestamp":"2024-04-15T23:36:29.195Z"}
{"level":"error","message":"Falha ao criar log","stack":[{"table":"main.access"}],"timestamp":"2024-04-15T23:36:33.333Z"}
{"level":"error","message":"Falha ao criar log","stack":[{"table":"main.access"}],"timestamp":"2024-04-15T23:36:34.106Z"}
{"level":"error","message":"Falha ao criar log","stack":[{"table":"main.access"}],"timestamp":"2024-04-15T23:36:38.183Z"}
{"level":"error","message":"Falha ao criar log","stack":[{"table":"main.access"}],"timestamp":"2024-04-15T23:36:39.095Z"}
{"level":"error","message":"Falha ao criar log","stack":[{"table":"main.access"}],"timestamp":"2024-04-15T23:36:43.129Z"}
{"level":"error","message":"Falha ao criar log","stack":[{"table":"main.access"}],"timestamp":"2024-04-15T23:36:44.111Z"}
